[debug] [2021-06-15T09:41:11.766Z] ----------------------------------------------------------------------
[debug] [2021-06-15T09:41:11.769Z] Command:       C:\Program Files\nodejs\node.exe C:\Users\nmt\AppData\Roaming\npm\node_modules\firebase-tools\lib\bin\firebase.js init
[debug] [2021-06-15T09:41:11.769Z] CLI Version:   9.12.1
[debug] [2021-06-15T09:41:11.769Z] Platform:      win32
[debug] [2021-06-15T09:41:11.769Z] Node Version:  v14.16.1
[debug] [2021-06-15T09:41:11.770Z] Time:          Tue Jun 15 2021 14:41:11 GMT+0500 (Pakistan Standard Time)
[debug] [2021-06-15T09:41:11.771Z] ----------------------------------------------------------------------
[debug] 
[debug] [2021-06-15T09:41:11.778Z] > command requires scopes: ["email","openid","https://www.googleapis.com/auth/cloudplatformprojects.readonly","https://www.googleapis.com/auth/firebase","https://www.googleapis.com/auth/cloud-platform"]
[debug] [2021-06-15T09:41:11.778Z] > authorizing via signed-in user (kashi9252@gmail.com)
[info] 
     ######## #### ########  ######## ########     ###     ######  ########
     ##        ##  ##     ## ##       ##     ##  ##   ##  ##       ##
     ######    ##  ########  ######   ########  #########  ######  ######
     ##        ##  ##    ##  ##       ##     ## ##     ##       ## ##
     ##       #### ##     ## ######## ########  ##     ##  ######  ########

You're about to initialize a Firebase project in this directory:

  D:\Bootcamp2020\project7a

Before we get started, keep in mind:

  * You are initializing in an existing Firebase project directory

[info] 
=== Project Setup
[info] 
[info] First, let's associate this project directory with a Firebase project.
[info] You can create multiple project aliases by running firebase use --add, 
[info] but for now we'll just set up a default project.
[info] 
[info] i  .firebaserc already has a default project, using pwa-project-f0c7d. 
[debug] [2021-06-15T09:41:28.774Z] > refreshing access token with scopes: []
[debug] [2021-06-15T09:41:28.775Z] >>> HTTP REQUEST POST https://www.googleapis.com/oauth2/v3/token  
 <request body omitted>
[debug] [2021-06-15T09:41:29.305Z] <<< HTTP RESPONSE 200 {"pragma":"no-cache","cache-control":"no-cache, no-store, max-age=0, must-revalidate","expires":"Mon, 01 Jan 1990 00:00:00 GMT","date":"Tue, 15 Jun 2021 09:41:30 GMT","content-type":"application/json; charset=utf-8","vary":"X-Origin, Referer, Origin,Accept-Encoding","server":"scaffolding on HTTPServer2","x-xss-protection":"0","x-frame-options":"SAMEORIGIN","x-content-type-options":"nosniff","alt-svc":"h3=\":443\"; ma=2592000,h3-29=\":443\"; ma=2592000,h3-T051=\":443\"; ma=2592000,h3-Q050=\":443\"; ma=2592000,h3-Q046=\":443\"; ma=2592000,h3-Q043=\":443\"; ma=2592000,quic=\":443\"; ma=2592000; v=\"46,43\"","accept-ranges":"none","transfer-encoding":"chunked"}
[debug] [2021-06-15T09:41:29.338Z] >>> [apiv2][query] GET https://firebase.googleapis.com/v1beta1/projects/pwa-project-f0c7d [none]
[debug] [2021-06-15T09:41:29.991Z] <<< [apiv2][status] GET https://firebase.googleapis.com/v1beta1/projects/pwa-project-f0c7d 200
[debug] [2021-06-15T09:41:29.991Z] <<< [apiv2][body] GET https://firebase.googleapis.com/v1beta1/projects/pwa-project-f0c7d {"projectId":"pwa-project-f0c7d","projectNumber":"1003118400947","displayName":"pwa project","name":"projects/pwa-project-f0c7d","resources":{"hostingSite":"pwa-project-f0c7d"},"state":"ACTIVE"}
[info] 
=== Hosting Setup
[info] 
[info] Your public directory is the folder (relative to your project directory) that
[info] will contain Hosting assets to be uploaded with firebase deploy. If you
[info] have a build process for your assets, use your build's output directory.
[info] 
[debug] [2021-06-15T09:42:00.923Z] >>> [apiv2][query] GET https://www.gstatic.com/firebasejs/releases.json [none]
[debug] [2021-06-15T09:42:01.286Z] <<< [apiv2][status] GET https://www.gstatic.com/firebasejs/releases.json 200
[debug] [2021-06-15T09:42:01.287Z] <<< [apiv2][body] GET https://www.gstatic.com/firebasejs/releases.json {"current":{"version":"8.6.7","browserURL":"https://www.gstatic.com/firebasejs/8.6.7/firebase.js","packageURL":"https://www.gstatic.com/firebasejs/8.6.7/firebase.tgz"},"live":{"version":"8.6","browserURL":"https://www.gstatic.com/firebasejs/live/8.6/firebase.js","packageURL":"https://www.gstatic.com/firebasejs/live/8.6/firebase.tgz"},"components":{"analytics":"https://www.gstatic.com/firebasejs/8.6.7/firebase-analytics.js","app":"https://www.gstatic.com/firebasejs/8.6.7/firebase-app.js","app-check":"https://www.gstatic.com/firebasejs/8.6.7/firebase-app-check.js","auth":"https://www.gstatic.com/firebasejs/8.6.7/firebase-auth.js","database":"https://www.gstatic.com/firebasejs/8.6.7/firebase-database.js","firestore":"https://www.gstatic.com/firebasejs/8.6.7/firebase-firestore.js","functions":"https://www.gstatic.com/firebasejs/8.6.7/firebase-functions.js","installations":"https://www.gstatic.com/firebasejs/8.6.7/firebase-installations.js","messaging":"https://www.gstatic.com/firebasejs/8.6.7/firebase-messaging.js","storage":"https://www.gstatic.com/firebasejs/8.6.7/firebase-storage.js","performance":"https://www.gstatic.com/firebasejs/8.6.7/firebase-performance.js","remote-config":"https://www.gstatic.com/firebasejs/8.6.7/firebase-remote-config.js","firestore.memory":"https://www.gstatic.com/firebasejs/8.6.7/firebase-firestore.memory.js"}}
[info] +  Wrote build/index.html 
[info] 
[info] i  Detected a .git folder at D:\Bootcamp2020\project7a 
[info] i  Authorizing with GitHub to upload your service account to a GitHub repository's secrets store. 
[info] 
[info] Visit this URL on this device to log in:
[info] https://github.com/login/oauth/authorize?client_id=89cf50f02ac6aaed3484&state=884723899&redirect_uri=http%3A%2F%2Flocalhost%3A9005&scope=read%3Auser%20repo%20public_repo
[info] 
[info] Waiting for authentication...
[debug] [2021-06-15T09:42:06.787Z] >>> HTTP REQUEST POST https://github.com/login/oauth/access_token  
 {"client_id":"89cf50f02ac6aaed3484","client_secret":"3330d14abc895d9a74d5f17cd7a00711fa2c5bf0","code":"b7a97f898810f8d2739c","redirect_uri":"http://localhost:9005","state":"884723899"}
[debug] [2021-06-15T09:42:07.385Z] <<< HTTP RESPONSE 200 {"server":"GitHub.com","date":"Tue, 15 Jun 2021 09:42:08 GMT","content-type":"application/json; charset=utf-8","transfer-encoding":"chunked","vary":"X-PJAX, Accept-Encoding, Accept, X-Requested-With","permissions-policy":"interest-cohort=()","etag":"W/\"bcea99f9f4628ed5fd06047a89d637dd\"","cache-control":"max-age=0, private, must-revalidate","strict-transport-security":"max-age=31536000; includeSubdomains; preload","x-frame-options":"deny","x-content-type-options":"nosniff","x-xss-protection":"0","referrer-policy":"origin-when-cross-origin, strict-origin-when-cross-origin","expect-ct":"max-age=2592000, report-uri=\"https://api.github.com/_private/browser/errors\"","content-security-policy":"default-src 'none'; base-uri 'self'; block-all-mixed-content; connect-src 'self' uploads.github.com www.githubstatus.com collector.githubapp.com api.github.com github-cloud.s3.amazonaws.com github-production-repository-file-5c1aeb.s3.amazonaws.com github-production-upload-manifest-file-7fdce7.s3.amazonaws.com github-production-user-asset-6210df.s3.amazonaws.com html-translator.herokuapp.com cdn.optimizely.com logx.optimizely.com/v1/events wss://alive.github.com; font-src github.githubassets.com; form-action 'self' github.com gist.github.com; frame-ancestors 'none'; frame-src render.githubusercontent.com; img-src 'self' data: github.githubassets.com identicons.github.com collector.githubapp.com github-cloud.s3.amazonaws.com secured-user-images.githubusercontent.com/ *.githubusercontent.com; manifest-src 'self'; media-src 'none'; script-src github.githubassets.com; style-src 'unsafe-inline' github.githubassets.com; worker-src github.com/socket-worker-3f088aa2.js gist.github.com/socket-worker-3f088aa2.js","x-github-request-id":"F794:40C0:61ED9F:786F22:60C875EF"}
[debug] [2021-06-15T09:42:07.392Z] >>> [apiv2][query] GET https://api.github.com/user [none]
[debug] [2021-06-15T09:42:08.468Z] <<< [apiv2][status] GET https://api.github.com/user 200
[debug] [2021-06-15T09:42:08.469Z] <<< [apiv2][body] GET https://api.github.com/user {"login":"Kashifnawaz03","id":72625629,"node_id":"MDQ6VXNlcjcyNjI1NjI5","avatar_url":"https://avatars.githubusercontent.com/u/72625629?v=4","gravatar_id":"","url":"https://api.github.com/users/Kashifnawaz03","html_url":"https://github.com/Kashifnawaz03","followers_url":"https://api.github.com/users/Kashifnawaz03/followers","following_url":"https://api.github.com/users/Kashifnawaz03/following{/other_user}","gists_url":"https://api.github.com/users/Kashifnawaz03/gists{/gist_id}","starred_url":"https://api.github.com/users/Kashifnawaz03/starred{/owner}{/repo}","subscriptions_url":"https://api.github.com/users/Kashifnawaz03/subscriptions","organizations_url":"https://api.github.com/users/Kashifnawaz03/orgs","repos_url":"https://api.github.com/users/Kashifnawaz03/repos","events_url":"https://api.github.com/users/Kashifnawaz03/events{/privacy}","received_events_url":"https://api.github.com/users/Kashifnawaz03/received_events","type":"User","site_admin":false,"name":null,"company":null,"blog":"","location":null,"email":null,"hireable":null,"bio":null,"twitter_username":null,"public_repos":25,"public_gists":11,"followers":0,"following":0,"created_at":"2020-10-09T18:23:27Z","updated_at":"2021-06-08T12:33:17Z","private_gists":0,"total_private_repos":0,"owned_private_repos":0,"disk_usage":8058,"collaborators":0,"two_factor_authentication":false,"plan":{"name":"free","space":976562499,"collaborators":0,"private_repos":10000}}
[info] 
[info] +  Success! Logged into GitHub as Kashifnawaz03 
[info] 
[debug] [2021-06-15T09:44:38.451Z] >>> [apiv2][query] GET https://api.github.com/repos/https://github.com/Kashifnawaz03/actions/secrets/public-key type=owner
[debug] [2021-06-15T09:44:39.176Z] <<< [apiv2][status] GET https://api.github.com/repos/https://github.com/Kashifnawaz03/actions/secrets/public-key 404
[debug] [2021-06-15T09:44:39.177Z] <<< [apiv2][body] GET https://api.github.com/repos/https://github.com/Kashifnawaz03/actions/secrets/public-key {"message":"Not Found","documentation_url":"https://docs.github.com/rest"}
[debug] [2021-06-15T09:44:39.698Z] >>> [apiv2][query] GET https://api.github.com/repos//actions/secrets/public-key type=owner
[debug] [2021-06-15T09:44:40.248Z] <<< [apiv2][status] GET https://api.github.com/repos//actions/secrets/public-key 404
[debug] [2021-06-15T09:44:40.248Z] <<< [apiv2][body] GET https://api.github.com/repos//actions/secrets/public-key {"message":"Not Found","documentation_url":"https://docs.github.com/rest"}
[debug] [2021-06-15T09:44:41.906Z] >>> [apiv2][query] GET https://api.github.com/repos//actions/secrets/public-key type=owner
[debug] [2021-06-15T09:44:42.454Z] <<< [apiv2][status] GET https://api.github.com/repos//actions/secrets/public-key 404
[debug] [2021-06-15T09:44:42.455Z] <<< [apiv2][body] GET https://api.github.com/repos//actions/secrets/public-key {"message":"Not Found","documentation_url":"https://docs.github.com/rest"}
[debug] [2021-06-15T09:44:42.610Z] >>> [apiv2][query] GET https://api.github.com/repos//actions/secrets/public-key type=owner
[debug] [2021-06-15T09:44:42.866Z] >>> [apiv2][query] GET https://api.github.com/repos//actions/secrets/public-key type=owner
[debug] [2021-06-15T09:44:43.138Z] >>> [apiv2][query] GET https://api.github.com/repos//actions/secrets/public-key type=owner
[debug] [2021-06-15T09:44:43.158Z] <<< [apiv2][status] GET https://api.github.com/repos//actions/secrets/public-key 404
[debug] [2021-06-15T09:44:43.158Z] <<< [apiv2][body] GET https://api.github.com/repos//actions/secrets/public-key {"message":"Not Found","documentation_url":"https://docs.github.com/rest"}
[debug] [2021-06-15T09:44:43.393Z] >>> [apiv2][query] GET https://api.github.com/repos//actions/secrets/public-key type=owner
[debug] [2021-06-15T09:44:43.419Z] <<< [apiv2][status] GET https://api.github.com/repos//actions/secrets/public-key 404
[debug] [2021-06-15T09:44:43.419Z] <<< [apiv2][body] GET https://api.github.com/repos//actions/secrets/public-key {"message":"Not Found","documentation_url":"https://docs.github.com/rest"}
[debug] [2021-06-15T09:44:43.633Z] >>> [apiv2][query] GET https://api.github.com/repos//actions/secrets/public-key type=owner
[debug] [2021-06-15T09:44:43.678Z] <<< [apiv2][status] GET https://api.github.com/repos//actions/secrets/public-key 404
[debug] [2021-06-15T09:44:43.678Z] <<< [apiv2][body] GET https://api.github.com/repos//actions/secrets/public-key {"message":"Not Found","documentation_url":"https://docs.github.com/rest"}
[debug] [2021-06-15T09:44:43.922Z] >>> [apiv2][query] GET https://api.github.com/repos//actions/secrets/public-key type=owner
[debug] [2021-06-15T09:44:43.932Z] <<< [apiv2][status] GET https://api.github.com/repos//actions/secrets/public-key 404
[debug] [2021-06-15T09:44:43.932Z] <<< [apiv2][body] GET https://api.github.com/repos//actions/secrets/public-key {"message":"Not Found","documentation_url":"https://docs.github.com/rest"}
[debug] [2021-06-15T09:44:44.188Z] <<< [apiv2][status] GET https://api.github.com/repos//actions/secrets/public-key 404
[debug] [2021-06-15T09:44:44.188Z] <<< [apiv2][body] GET https://api.github.com/repos//actions/secrets/public-key {"message":"Not Found","documentation_url":"https://docs.github.com/rest"}
[debug] [2021-06-15T09:44:44.463Z] <<< [apiv2][status] GET https://api.github.com/repos//actions/secrets/public-key 404
[debug] [2021-06-15T09:44:44.463Z] <<< [apiv2][body] GET https://api.github.com/repos//actions/secrets/public-key {"message":"Not Found","documentation_url":"https://docs.github.com/rest"}
